{"/Users/user/Documents/Programming/Node/simple-auth/src/app.ts": {"path":"/Users/user/Documents/Programming/Node/simple-auth/src/app.ts","statementMap":{"0":{"start":{"line":1,"column":0},"end":{"line":1,"column":53}},"1":{"start":{"line":2,"column":0},"end":{"line":2,"column":31}},"2":{"start":{"line":3,"column":0},"end":{"line":3,"column":28}},"3":{"start":{"line":4,"column":0},"end":{"line":4,"column":27}},"4":{"start":{"line":6,"column":13},"end":{"line":6,"column":29}},"5":{"start":{"line":7,"column":0},"end":{"line":7,"column":24}},"6":{"start":{"line":25,"column":20},"end":{"line":25,"column":22}},"7":{"start":{"line":26,"column":20},"end":{"line":26,"column":22}},"8":{"start":{"line":29,"column":23},"end":{"line":29,"column":51}},"9":{"start":{"line":30,"column":18},"end":{"line":30,"column":56}},"10":{"start":{"line":31,"column":4},"end":{"line":31,"column":78}},"11":{"start":{"line":31,"column":23},"end":{"line":31,"column":78}},"12":{"start":{"line":33,"column":4},"end":{"line":37,"column":7}},"13":{"start":{"line":34,"column":8},"end":{"line":34,"column":69}},"14":{"start":{"line":34,"column":17},"end":{"line":34,"column":69}},"15":{"start":{"line":35,"column":8},"end":{"line":35,"column":48}},"16":{"start":{"line":36,"column":8},"end":{"line":36,"column":15}},"17":{"start":{"line":41,"column":4},"end":{"line":41,"column":43}},"18":{"start":{"line":44,"column":0},"end":{"line":47,"column":3}},"19":{"start":{"line":45,"column":22},"end":{"line":45,"column":77}},"20":{"start":{"line":45,"column":43},"end":{"line":45,"column":76}},"21":{"start":{"line":46,"column":4},"end":{"line":46,"column":24}},"22":{"start":{"line":49,"column":0},"end":{"line":57,"column":3}},"23":{"start":{"line":50,"column":21},"end":{"line":50,"column":29}},"24":{"start":{"line":51,"column":4},"end":{"line":53,"column":5}},"25":{"start":{"line":52,"column":8},"end":{"line":52,"column":67}},"26":{"start":{"line":54,"column":26},"end":{"line":54,"column":83}},"27":{"start":{"line":55,"column":4},"end":{"line":55,"column":24}},"28":{"start":{"line":56,"column":4},"end":{"line":56,"column":34}},"29":{"start":{"line":59,"column":0},"end":{"line":74,"column":3}},"30":{"start":{"line":60,"column":19},"end":{"line":60,"column":42}},"31":{"start":{"line":61,"column":21},"end":{"line":61,"column":29}},"32":{"start":{"line":62,"column":4},"end":{"line":64,"column":5}},"33":{"start":{"line":63,"column":8},"end":{"line":63,"column":67}},"34":{"start":{"line":65,"column":18},"end":{"line":65,"column":61}},"35":{"start":{"line":65,"column":42},"end":{"line":65,"column":60}},"36":{"start":{"line":66,"column":4},"end":{"line":68,"column":5}},"37":{"start":{"line":67,"column":8},"end":{"line":67,"column":65}},"38":{"start":{"line":69,"column":4},"end":{"line":71,"column":5}},"39":{"start":{"line":70,"column":8},"end":{"line":70,"column":93}},"40":{"start":{"line":72,"column":4},"end":{"line":72,"column":29}},"41":{"start":{"line":73,"column":4},"end":{"line":73,"column":27}},"42":{"start":{"line":76,"column":0},"end":{"line":87,"column":3}},"43":{"start":{"line":77,"column":19},"end":{"line":77,"column":42}},"44":{"start":{"line":78,"column":18},"end":{"line":78,"column":61}},"45":{"start":{"line":78,"column":42},"end":{"line":78,"column":60}},"46":{"start":{"line":79,"column":4},"end":{"line":81,"column":5}},"47":{"start":{"line":80,"column":8},"end":{"line":80,"column":65}},"48":{"start":{"line":82,"column":4},"end":{"line":84,"column":5}},"49":{"start":{"line":83,"column":8},"end":{"line":83,"column":93}},"50":{"start":{"line":85,"column":4},"end":{"line":85,"column":27}},"51":{"start":{"line":86,"column":4},"end":{"line":86,"column":24}},"52":{"start":{"line":90,"column":0},"end":{"line":102,"column":3}},"53":{"start":{"line":90,"column":66},"end":{"line":102,"column":2}},"54":{"start":{"line":91,"column":35},"end":{"line":91,"column":43}},"55":{"start":{"line":92,"column":4},"end":{"line":94,"column":5}},"56":{"start":{"line":93,"column":8},"end":{"line":93,"column":85}},"57":{"start":{"line":95,"column":4},"end":{"line":97,"column":5}},"58":{"start":{"line":95,"column":27},"end":{"line":95,"column":53}},"59":{"start":{"line":96,"column":8},"end":{"line":96,"column":74}},"60":{"start":{"line":98,"column":27},"end":{"line":98,"column":55}},"61":{"start":{"line":99,"column":26},"end":{"line":99,"column":86}},"62":{"start":{"line":100,"column":4},"end":{"line":100,"column":24}},"63":{"start":{"line":101,"column":4},"end":{"line":101,"column":24}},"64":{"start":{"line":104,"column":0},"end":{"line":119,"column":3}},"65":{"start":{"line":104,"column":63},"end":{"line":119,"column":2}},"66":{"start":{"line":105,"column":35},"end":{"line":105,"column":43}},"67":{"start":{"line":106,"column":4},"end":{"line":108,"column":5}},"68":{"start":{"line":107,"column":8},"end":{"line":107,"column":85}},"69":{"start":{"line":109,"column":17},"end":{"line":109,"column":63}},"70":{"start":{"line":109,"column":36},"end":{"line":109,"column":62}},"71":{"start":{"line":110,"column":4},"end":{"line":112,"column":5}},"72":{"start":{"line":111,"column":8},"end":{"line":111,"column":79}},"73":{"start":{"line":113,"column":20},"end":{"line":113,"column":65}},"74":{"start":{"line":114,"column":4},"end":{"line":116,"column":5}},"75":{"start":{"line":115,"column":8},"end":{"line":115,"column":79}},"76":{"start":{"line":117,"column":24},"end":{"line":117,"column":104}},"77":{"start":{"line":118,"column":4},"end":{"line":118,"column":30}},"78":{"start":{"line":121,"column":13},"end":{"line":121,"column":37}},"79":{"start":{"line":122,"column":13},"end":{"line":122,"column":95}},"80":{"start":{"line":122,"column":45},"end":{"line":122,"column":93}}},"fnMap":{"0":{"name":"authenticateToken","decl":{"start":{"line":28,"column":9},"end":{"line":28,"column":26}},"loc":{"start":{"line":28,"column":78},"end":{"line":38,"column":1}}},"1":{"name":"(anonymous_9)","decl":{"start":{"line":33,"column":65},"end":{"line":33,"column":66}},"loc":{"start":{"line":33,"column":79},"end":{"line":37,"column":5}}},"2":{"name":"hashPassword","decl":{"start":{"line":40,"column":15},"end":{"line":40,"column":27}},"loc":{"start":{"line":40,"column":44},"end":{"line":42,"column":null}}},"3":{"name":"(anonymous_12)","decl":{"start":{"line":44,"column":37},"end":{"line":44,"column":38}},"loc":{"start":{"line":44,"column":75},"end":{"line":47,"column":1}}},"4":{"name":"(anonymous_13)","decl":{"start":{"line":45,"column":35},"end":{"line":45,"column":39}},"loc":{"start":{"line":45,"column":43},"end":{"line":45,"column":76}}},"5":{"name":"(anonymous_14)","decl":{"start":{"line":49,"column":38},"end":{"line":49,"column":39}},"loc":{"start":{"line":49,"column":76},"end":{"line":57,"column":1}}},"6":{"name":"(anonymous_15)","decl":{"start":{"line":59,"column":41},"end":{"line":59,"column":42}},"loc":{"start":{"line":59,"column":79},"end":{"line":74,"column":1}}},"7":{"name":"(anonymous_16)","decl":{"start":{"line":65,"column":34},"end":{"line":65,"column":38}},"loc":{"start":{"line":65,"column":42},"end":{"line":65,"column":60}}},"8":{"name":"(anonymous_17)","decl":{"start":{"line":76,"column":44},"end":{"line":76,"column":45}},"loc":{"start":{"line":76,"column":82},"end":{"line":87,"column":1}}},"9":{"name":"(anonymous_18)","decl":{"start":{"line":78,"column":34},"end":{"line":78,"column":38}},"loc":{"start":{"line":78,"column":42},"end":{"line":78,"column":60}}},"10":{"name":"(anonymous_19)","decl":{"start":{"line":90,"column":22},"end":{"line":90,"column":29}},"loc":{"start":{"line":90,"column":66},"end":{"line":102,"column":2}}},"11":{"name":"(anonymous_20)","decl":{"start":{"line":90,"column":66},"end":{"line":90,"column":null}},"loc":{"start":{"line":90,"column":66},"end":{"line":102,"column":1}}},"12":{"name":"(anonymous_21)","decl":{"start":{"line":95,"column":19},"end":{"line":95,"column":23}},"loc":{"start":{"line":95,"column":27},"end":{"line":95,"column":53}}},"13":{"name":"(anonymous_22)","decl":{"start":{"line":104,"column":19},"end":{"line":104,"column":26}},"loc":{"start":{"line":104,"column":63},"end":{"line":119,"column":2}}},"14":{"name":"(anonymous_23)","decl":{"start":{"line":104,"column":63},"end":{"line":104,"column":null}},"loc":{"start":{"line":104,"column":63},"end":{"line":119,"column":1}}},"15":{"name":"(anonymous_24)","decl":{"start":{"line":109,"column":28},"end":{"line":109,"column":32}},"loc":{"start":{"line":109,"column":36},"end":{"line":109,"column":62}}},"16":{"name":"(anonymous_25)","decl":{"start":{"line":122,"column":39},"end":{"line":122,"column":42}},"loc":{"start":{"line":122,"column":45},"end":{"line":122,"column":93}}}},"branchMap":{"0":{"loc":{"start":{"line":30,"column":18},"end":{"line":30,"column":56}},"type":"binary-expr","locations":[{"start":{"line":30,"column":18},"end":{"line":30,"column":28}},{"start":{"line":30,"column":32},"end":{"line":30,"column":56}}]},"1":{"loc":{"start":{"line":31,"column":4},"end":{"line":31,"column":78}},"type":"if","locations":[{"start":{"line":31,"column":4},"end":{"line":31,"column":78}}]},"2":{"loc":{"start":{"line":34,"column":8},"end":{"line":34,"column":69}},"type":"if","locations":[{"start":{"line":34,"column":8},"end":{"line":34,"column":69}}]},"3":{"loc":{"start":{"line":51,"column":4},"end":{"line":53,"column":5}},"type":"if","locations":[{"start":{"line":51,"column":4},"end":{"line":53,"column":5}}]},"4":{"loc":{"start":{"line":62,"column":4},"end":{"line":64,"column":5}},"type":"if","locations":[{"start":{"line":62,"column":4},"end":{"line":64,"column":5}}]},"5":{"loc":{"start":{"line":66,"column":4},"end":{"line":68,"column":5}},"type":"if","locations":[{"start":{"line":66,"column":4},"end":{"line":68,"column":5}}]},"6":{"loc":{"start":{"line":69,"column":4},"end":{"line":71,"column":5}},"type":"if","locations":[{"start":{"line":69,"column":4},"end":{"line":71,"column":5}}]},"7":{"loc":{"start":{"line":79,"column":4},"end":{"line":81,"column":5}},"type":"if","locations":[{"start":{"line":79,"column":4},"end":{"line":81,"column":5}}]},"8":{"loc":{"start":{"line":82,"column":4},"end":{"line":84,"column":5}},"type":"if","locations":[{"start":{"line":82,"column":4},"end":{"line":84,"column":5}}]},"9":{"loc":{"start":{"line":92,"column":4},"end":{"line":94,"column":5}},"type":"if","locations":[{"start":{"line":92,"column":4},"end":{"line":94,"column":5}}]},"10":{"loc":{"start":{"line":92,"column":8},"end":{"line":92,"column":30}},"type":"binary-expr","locations":[{"start":{"line":92,"column":8},"end":{"line":92,"column":17}},{"start":{"line":92,"column":21},"end":{"line":92,"column":30}}]},"11":{"loc":{"start":{"line":95,"column":4},"end":{"line":97,"column":5}},"type":"if","locations":[{"start":{"line":95,"column":4},"end":{"line":97,"column":5}}]},"12":{"loc":{"start":{"line":106,"column":4},"end":{"line":108,"column":5}},"type":"if","locations":[{"start":{"line":106,"column":4},"end":{"line":108,"column":5}}]},"13":{"loc":{"start":{"line":106,"column":8},"end":{"line":106,"column":30}},"type":"binary-expr","locations":[{"start":{"line":106,"column":8},"end":{"line":106,"column":17}},{"start":{"line":106,"column":21},"end":{"line":106,"column":30}}]},"14":{"loc":{"start":{"line":110,"column":4},"end":{"line":112,"column":5}},"type":"if","locations":[{"start":{"line":110,"column":4},"end":{"line":112,"column":5}}]},"15":{"loc":{"start":{"line":114,"column":4},"end":{"line":116,"column":5}},"type":"if","locations":[{"start":{"line":114,"column":4},"end":{"line":116,"column":5}}]},"16":{"loc":{"start":{"line":121,"column":13},"end":{"line":121,"column":37}},"type":"binary-expr","locations":[{"start":{"line":121,"column":13},"end":{"line":121,"column":29}},{"start":{"line":121,"column":33},"end":{"line":121,"column":37}}]}},"s":{"0":2,"1":2,"2":2,"3":2,"4":2,"5":2,"6":2,"7":2,"8":20,"9":20,"10":20,"11":4,"12":16,"13":16,"14":1,"15":15,"16":15,"17":4,"18":2,"19":2,"20":3,"21":2,"22":2,"23":6,"24":6,"25":1,"26":5,"27":5,"28":5,"29":2,"30":4,"31":4,"32":4,"33":1,"34":3,"35":7,"36":3,"37":1,"38":2,"39":1,"40":1,"41":1,"42":2,"43":3,"44":3,"45":11,"46":3,"47":1,"48":2,"49":1,"50":1,"51":1,"52":2,"53":7,"54":7,"55":7,"56":1,"57":6,"58":5,"59":2,"60":4,"61":4,"62":4,"63":4,"64":2,"65":9,"66":9,"67":9,"68":1,"69":8,"70":14,"71":8,"72":1,"73":7,"74":7,"75":1,"76":6,"77":6,"78":2,"79":2,"80":2},"f":{"0":20,"1":16,"2":4,"3":2,"4":3,"5":6,"6":4,"7":7,"8":3,"9":11,"10":7,"11":7,"12":5,"13":9,"14":9,"15":14,"16":2},"b":{"0":[20,16],"1":[4],"2":[1],"3":[1],"4":[1],"5":[1],"6":[1],"7":[1],"8":[1],"9":[1],"10":[7,6],"11":[2],"12":[1],"13":[9,8],"14":[1],"15":[1],"16":[2,0]}}
}
