TN:
SF:src/app.ts
FN:28,authenticateToken
FN:33,(anonymous_9)
FN:40,hashPassword
FN:44,(anonymous_12)
FN:45,(anonymous_13)
FN:49,(anonymous_14)
FN:59,(anonymous_15)
FN:65,(anonymous_16)
FN:76,(anonymous_17)
FN:78,(anonymous_18)
FN:90,(anonymous_19)
FN:90,(anonymous_20)
FN:95,(anonymous_21)
FN:104,(anonymous_22)
FN:104,(anonymous_23)
FN:109,(anonymous_24)
FN:122,(anonymous_25)
FNF:17
FNH:17
FNDA:20,authenticateToken
FNDA:16,(anonymous_9)
FNDA:4,hashPassword
FNDA:2,(anonymous_12)
FNDA:3,(anonymous_13)
FNDA:6,(anonymous_14)
FNDA:4,(anonymous_15)
FNDA:7,(anonymous_16)
FNDA:3,(anonymous_17)
FNDA:11,(anonymous_18)
FNDA:7,(anonymous_19)
FNDA:7,(anonymous_20)
FNDA:5,(anonymous_21)
FNDA:9,(anonymous_22)
FNDA:9,(anonymous_23)
FNDA:14,(anonymous_24)
FNDA:2,(anonymous_25)
DA:1,2
DA:2,2
DA:3,2
DA:4,2
DA:6,2
DA:7,2
DA:25,2
DA:26,2
DA:29,20
DA:30,20
DA:31,20
DA:33,16
DA:34,16
DA:35,15
DA:36,15
DA:41,4
DA:44,2
DA:45,3
DA:46,2
DA:49,2
DA:50,6
DA:51,6
DA:52,1
DA:54,5
DA:55,5
DA:56,5
DA:59,2
DA:60,4
DA:61,4
DA:62,4
DA:63,1
DA:65,7
DA:66,3
DA:67,1
DA:69,2
DA:70,1
DA:72,1
DA:73,1
DA:76,2
DA:77,3
DA:78,11
DA:79,3
DA:80,1
DA:82,2
DA:83,1
DA:85,1
DA:86,1
DA:90,7
DA:91,7
DA:92,7
DA:93,1
DA:95,6
DA:96,2
DA:98,4
DA:99,4
DA:100,4
DA:101,4
DA:104,9
DA:105,9
DA:106,9
DA:107,1
DA:109,14
DA:110,8
DA:111,1
DA:113,7
DA:114,7
DA:115,1
DA:117,6
DA:118,6
DA:121,2
DA:122,2
LF:71
LH:71
BRDA:30,0,0,20
BRDA:30,0,1,16
BRDA:31,1,0,4
BRDA:34,2,0,1
BRDA:51,3,0,1
BRDA:62,4,0,1
BRDA:66,5,0,1
BRDA:69,6,0,1
BRDA:79,7,0,1
BRDA:82,8,0,1
BRDA:92,9,0,1
BRDA:92,10,0,7
BRDA:92,10,1,6
BRDA:95,11,0,2
BRDA:106,12,0,1
BRDA:106,13,0,9
BRDA:106,13,1,8
BRDA:110,14,0,1
BRDA:114,15,0,1
BRDA:121,16,0,2
BRDA:121,16,1,0
BRF:21
BRH:20
end_of_record
